<?xml version="1.0" encoding="UTF-8"?>
<coverage generated="1705238091158" clover="3.2.0">
  <project timestamp="1705238091158" name="All files">
    <metrics statements="45" coveredstatements="40" conditionals="34" coveredconditionals="31" methods="10" coveredmethods="7" elements="89" coveredelements="78" complexity="0" loc="45" ncloc="45" packages="7" files="7" classes="7"/>
    <package name="pages.PersonPage.lib.getChildrenLabel">
      <metrics statements="11" coveredstatements="10" conditionals="10" coveredconditionals="9" methods="1" coveredmethods="1"/>
      <file name="getChildrenLabel.ts" path="A:\work\Projects\cineLife\src\pages\PersonPage\lib\getChildrenLabel\getChildrenLabel.ts">
        <metrics statements="11" coveredstatements="10" conditionals="10" coveredconditionals="9" methods="1" coveredmethods="1"/>
        <line num="1" count="1" type="stmt"/>
        <line num="2" count="6" type="stmt"/>
        <line num="8" count="6" type="stmt"/>
        <line num="9" count="6" type="stmt"/>
        <line num="11" count="6" type="cond" truecount="3" falsecount="1"/>
        <line num="12" count="0" type="stmt"/>
        <line num="15" count="6" type="cond" truecount="2" falsecount="0"/>
        <line num="16" count="1" type="stmt"/>
        <line num="19" count="5" type="cond" truecount="4" falsecount="0"/>
        <line num="20" count="3" type="stmt"/>
        <line num="23" count="2" type="stmt"/>
      </file>
    </package>
    <package name="shared.lib.capitalizeFirstLetter">
      <metrics statements="4" coveredstatements="4" conditionals="4" coveredconditionals="4" methods="1" coveredmethods="1"/>
      <file name="capitalizeFirstLetter.ts" path="A:\work\Projects\cineLife\src\shared\lib\capitalizeFirstLetter\capitalizeFirstLetter.ts">
        <metrics statements="4" coveredstatements="4" conditionals="4" coveredconditionals="4" methods="1" coveredmethods="1"/>
        <line num="1" count="1" type="stmt"/>
        <line num="2" count="4" type="cond" truecount="4" falsecount="0"/>
        <line num="3" count="3" type="stmt"/>
        <line num="6" count="1" type="stmt"/>
      </file>
    </package>
    <package name="shared.lib.formatYears">
      <metrics statements="8" coveredstatements="8" conditionals="9" coveredconditionals="9" methods="1" coveredmethods="1"/>
      <file name="formatYears.ts" path="A:\work\Projects\cineLife\src\shared\lib\formatYears\formatYears.ts">
        <metrics statements="8" coveredstatements="8" conditionals="9" coveredconditionals="9" methods="1" coveredmethods="1"/>
        <line num="1" count="1" type="stmt"/>
        <line num="2" count="8" type="cond" truecount="4" falsecount="0"/>
        <line num="3" count="2" type="stmt"/>
        <line num="6" count="6" type="stmt"/>
        <line num="8" count="6" type="cond" truecount="5" falsecount="0"/>
        <line num="10" count="1" type="stmt"/>
        <line num="14" count="2" type="stmt"/>
        <line num="16" count="3" type="stmt"/>
      </file>
    </package>
    <package name="shared.lib.getEnumValueByKey">
      <metrics statements="2" coveredstatements="2" conditionals="2" coveredconditionals="2" methods="1" coveredmethods="1"/>
      <file name="getEnumValueByKey.ts" path="A:\work\Projects\cineLife\src\shared\lib\getEnumValueByKey\getEnumValueByKey.ts">
        <metrics statements="2" coveredstatements="2" conditionals="2" coveredconditionals="2" methods="1" coveredmethods="1"/>
        <line num="1" count="1" type="stmt"/>
        <line num="4" count="6" type="cond" truecount="2" falsecount="0"/>
      </file>
    </package>
    <package name="shared.lib.groupByKey">
      <metrics statements="7" coveredstatements="7" conditionals="2" coveredconditionals="2" methods="2" coveredmethods="2"/>
      <file name="groupByKey.ts" path="A:\work\Projects\cineLife\src\shared\lib\groupByKey\groupByKey.ts">
        <metrics statements="7" coveredstatements="7" conditionals="2" coveredconditionals="2" methods="2" coveredmethods="2"/>
        <line num="1" count="1" type="stmt"/>
        <line num="2" count="2" type="stmt"/>
        <line num="3" count="8" type="stmt"/>
        <line num="5" count="8" type="cond" truecount="2" falsecount="0"/>
        <line num="6" count="6" type="stmt"/>
        <line num="9" count="8" type="stmt"/>
        <line num="11" count="8" type="stmt"/>
      </file>
    </package>
    <package name="shared.lib.hooks.useToggler">
      <metrics statements="5" coveredstatements="1" conditionals="1" coveredconditionals="0" methods="3" coveredmethods="0"/>
      <file name="useToggler.tsx" path="A:\work\Projects\cineLife\src\shared\lib\hooks\useToggler\useToggler.tsx">
        <metrics statements="5" coveredstatements="1" conditionals="1" coveredconditionals="0" methods="3" coveredmethods="0"/>
        <line num="5" count="1" type="cond" truecount="0" falsecount="1"/>
        <line num="6" count="0" type="stmt"/>
        <line num="8" count="0" type="stmt"/>
        <line num="9" count="0" type="stmt"/>
        <line num="12" count="0" type="stmt"/>
      </file>
    </package>
    <package name="shared.lib.minutesToHours">
      <metrics statements="8" coveredstatements="8" conditionals="6" coveredconditionals="5" methods="1" coveredmethods="1"/>
      <file name="minutesToHours.ts" path="A:\work\Projects\cineLife\src\shared\lib\minutesToHours\minutesToHours.ts">
        <metrics statements="8" coveredstatements="8" conditionals="6" coveredconditionals="5" methods="1" coveredmethods="1"/>
        <line num="1" count="1" type="stmt"/>
        <line num="2" count="4" type="cond" truecount="2" falsecount="0"/>
        <line num="3" count="1" type="stmt"/>
        <line num="6" count="3" type="stmt"/>
        <line num="7" count="3" type="stmt"/>
        <line num="9" count="3" type="cond" truecount="1" falsecount="1"/>
        <line num="10" count="3" type="cond" truecount="2" falsecount="0"/>
        <line num="12" count="3" type="stmt"/>
      </file>
    </package>
  </project>
</coverage>
