{"A:\\work\\Projects\\cineLife\\src\\pages\\PersonPage\\lib\\getChildrenLabel\\getChildrenLabel.ts": {"path":"A:\\work\\Projects\\cineLife\\src\\pages\\PersonPage\\lib\\getChildrenLabel\\getChildrenLabel.ts","statementMap":{"0":{"start":{"line":1,"column":25},"end":{"line":24,"column":1}},"1":{"start":{"line":2,"column":16},"end":{"line":6,"column":3}},"2":{"start":{"line":8,"column":20},"end":{"line":8,"column":30}},"3":{"start":{"line":9,"column":24},"end":{"line":9,"column":35}},"4":{"start":{"line":11,"column":2},"end":{"line":13,"column":3}},"5":{"start":{"line":12,"column":4},"end":{"line":12,"column":36}},"6":{"start":{"line":15,"column":2},"end":{"line":17,"column":3}},"7":{"start":{"line":16,"column":4},"end":{"line":16,"column":35}},"8":{"start":{"line":19,"column":2},"end":{"line":21,"column":3}},"9":{"start":{"line":20,"column":4},"end":{"line":20,"column":35}},"10":{"start":{"line":23,"column":2},"end":{"line":23,"column":34}}},"fnMap":{"0":{"name":"(anonymous_0)","decl":{"start":{"line":1,"column":25},"end":{"line":1,"column":26}},"loc":{"start":{"line":1,"column":52},"end":{"line":24,"column":1}},"line":1}},"branchMap":{"0":{"loc":{"start":{"line":11,"column":2},"end":{"line":13,"column":3}},"type":"if","locations":[{"start":{"line":11,"column":2},"end":{"line":13,"column":3}},{"start":{},"end":{}}],"line":11},"1":{"loc":{"start":{"line":11,"column":6},"end":{"line":11,"column":48}},"type":"binary-expr","locations":[{"start":{"line":11,"column":6},"end":{"line":11,"column":25}},{"start":{"line":11,"column":29},"end":{"line":11,"column":48}}],"line":11},"2":{"loc":{"start":{"line":15,"column":2},"end":{"line":17,"column":3}},"type":"if","locations":[{"start":{"line":15,"column":2},"end":{"line":17,"column":3}},{"start":{},"end":{}}],"line":15},"3":{"loc":{"start":{"line":19,"column":2},"end":{"line":21,"column":3}},"type":"if","locations":[{"start":{"line":19,"column":2},"end":{"line":21,"column":3}},{"start":{},"end":{}}],"line":19},"4":{"loc":{"start":{"line":19,"column":6},"end":{"line":19,"column":38}},"type":"binary-expr","locations":[{"start":{"line":19,"column":6},"end":{"line":19,"column":20}},{"start":{"line":19,"column":24},"end":{"line":19,"column":38}}],"line":19}},"s":{"0":1,"1":6,"2":6,"3":6,"4":6,"5":0,"6":6,"7":1,"8":5,"9":3,"10":2},"f":{"0":6},"b":{"0":[0,6],"1":[6,1],"2":[1,5],"3":[3,2],"4":[5,4]},"_coverageSchema":"1a1c01bbd47fc00a2c39e90264f33305004495a9","hash":"682a54948d2c23c531d330b3eaa0bd1cefdd2e71"}
,"A:\\work\\Projects\\cineLife\\src\\shared\\lib\\capitalizeFirstLetter\\capitalizeFirstLetter.ts": {"path":"A:\\work\\Projects\\cineLife\\src\\shared\\lib\\capitalizeFirstLetter\\capitalizeFirstLetter.ts","statementMap":{"0":{"start":{"line":1,"column":30},"end":{"line":7,"column":1}},"1":{"start":{"line":2,"column":2},"end":{"line":4,"column":3}},"2":{"start":{"line":3,"column":4},"end":{"line":3,"column":15}},"3":{"start":{"line":6,"column":2},"end":{"line":6,"column":52}}},"fnMap":{"0":{"name":"(anonymous_0)","decl":{"start":{"line":1,"column":30},"end":{"line":1,"column":31}},"loc":{"start":{"line":1,"column":46},"end":{"line":7,"column":1}},"line":1}},"branchMap":{"0":{"loc":{"start":{"line":2,"column":2},"end":{"line":4,"column":3}},"type":"if","locations":[{"start":{"line":2,"column":2},"end":{"line":4,"column":3}},{"start":{},"end":{}}],"line":2},"1":{"loc":{"start":{"line":2,"column":6},"end":{"line":2,"column":49}},"type":"binary-expr","locations":[{"start":{"line":2,"column":6},"end":{"line":2,"column":29}},{"start":{"line":2,"column":33},"end":{"line":2,"column":49}}],"line":2}},"s":{"0":1,"1":4,"2":3,"3":1},"f":{"0":4},"b":{"0":[3,1],"1":[4,2]},"_coverageSchema":"1a1c01bbd47fc00a2c39e90264f33305004495a9","hash":"0ae7a119b260b5f3976cc3fc23a1551b9a3e4dff"}
,"A:\\work\\Projects\\cineLife\\src\\shared\\lib\\formatYears\\formatYears.ts": {"path":"A:\\work\\Projects\\cineLife\\src\\shared\\lib\\formatYears\\formatYears.ts","statementMap":{"0":{"start":{"line":1,"column":20},"end":{"line":18,"column":1}},"1":{"start":{"line":2,"column":2},"end":{"line":4,"column":3}},"2":{"start":{"line":3,"column":4},"end":{"line":3,"column":26}},"3":{"start":{"line":6,"column":20},"end":{"line":6,"column":30}},"4":{"start":{"line":8,"column":2},"end":{"line":17,"column":3}},"5":{"start":{"line":10,"column":6},"end":{"line":10,"column":28}},"6":{"start":{"line":14,"column":6},"end":{"line":14,"column":29}},"7":{"start":{"line":16,"column":6},"end":{"line":16,"column":28}}},"fnMap":{"0":{"name":"(anonymous_0)","decl":{"start":{"line":1,"column":20},"end":{"line":1,"column":21}},"loc":{"start":{"line":1,"column":47},"end":{"line":18,"column":1}},"line":1}},"branchMap":{"0":{"loc":{"start":{"line":2,"column":2},"end":{"line":4,"column":3}},"type":"if","locations":[{"start":{"line":2,"column":2},"end":{"line":4,"column":3}},{"start":{},"end":{}}],"line":2},"1":{"loc":{"start":{"line":2,"column":6},"end":{"line":2,"column":32}},"type":"binary-expr","locations":[{"start":{"line":2,"column":6},"end":{"line":2,"column":17}},{"start":{"line":2,"column":21},"end":{"line":2,"column":32}}],"line":2},"2":{"loc":{"start":{"line":8,"column":2},"end":{"line":17,"column":3}},"type":"switch","locations":[{"start":{"line":9,"column":4},"end":{"line":10,"column":28}},{"start":{"line":11,"column":4},"end":{"line":11,"column":11}},{"start":{"line":12,"column":4},"end":{"line":12,"column":11}},{"start":{"line":13,"column":4},"end":{"line":14,"column":29}},{"start":{"line":15,"column":4},"end":{"line":16,"column":28}}],"line":8}},"s":{"0":1,"1":8,"2":2,"3":6,"4":6,"5":1,"6":2,"7":3},"f":{"0":8},"b":{"0":[2,6],"1":[8,6],"2":[1,1,1,2,3]},"_coverageSchema":"1a1c01bbd47fc00a2c39e90264f33305004495a9","hash":"9024f60de8b88419e2fff5920edbd96f6005013e"}
,"A:\\work\\Projects\\cineLife\\src\\shared\\lib\\getEnumValueByKey\\getEnumValueByKey.ts": {"path":"A:\\work\\Projects\\cineLife\\src\\shared\\lib\\getEnumValueByKey\\getEnumValueByKey.ts","statementMap":{"0":{"start":{"line":1,"column":26},"end":{"line":4,"column":92}},"1":{"start":{"line":4,"column":61},"end":{"line":4,"column":92}}},"fnMap":{"0":{"name":"(anonymous_0)","decl":{"start":{"line":1,"column":26},"end":{"line":1,"column":27}},"loc":{"start":{"line":4,"column":61},"end":{"line":4,"column":92}},"line":4}},"branchMap":{"0":{"loc":{"start":{"line":4,"column":61},"end":{"line":4,"column":92}},"type":"binary-expr","locations":[{"start":{"line":4,"column":61},"end":{"line":4,"column":76}},{"start":{"line":4,"column":80},"end":{"line":4,"column":92}}],"line":4}},"s":{"0":1,"1":6},"f":{"0":6},"b":{"0":[6,4]},"_coverageSchema":"1a1c01bbd47fc00a2c39e90264f33305004495a9","hash":"c04819d09be2f03141c05e61e80e6067b38ce0f6"}
,"A:\\work\\Projects\\cineLife\\src\\shared\\lib\\groupByKey\\groupByKey.ts": {"path":"A:\\work\\Projects\\cineLife\\src\\shared\\lib\\groupByKey\\groupByKey.ts","statementMap":{"0":{"start":{"line":1,"column":19},"end":{"line":13,"column":1}},"1":{"start":{"line":2,"column":2},"end":{"line":12,"column":32}},"2":{"start":{"line":3,"column":21},"end":{"line":3,"column":40}},"3":{"start":{"line":5,"column":4},"end":{"line":7,"column":5}},"4":{"start":{"line":6,"column":6},"end":{"line":6,"column":25}},"5":{"start":{"line":9,"column":4},"end":{"line":9,"column":29}},"6":{"start":{"line":11,"column":4},"end":{"line":11,"column":15}}},"fnMap":{"0":{"name":"(anonymous_0)","decl":{"start":{"line":1,"column":19},"end":{"line":1,"column":20}},"loc":{"start":{"line":1,"column":71},"end":{"line":13,"column":1}},"line":1},"1":{"name":"(anonymous_1)","decl":{"start":{"line":2,"column":20},"end":{"line":2,"column":21}},"loc":{"start":{"line":2,"column":35},"end":{"line":12,"column":3}},"line":2}},"branchMap":{"0":{"loc":{"start":{"line":5,"column":4},"end":{"line":7,"column":5}},"type":"if","locations":[{"start":{"line":5,"column":4},"end":{"line":7,"column":5}},{"start":{},"end":{}}],"line":5}},"s":{"0":1,"1":2,"2":8,"3":8,"4":6,"5":8,"6":8},"f":{"0":2,"1":8},"b":{"0":[6,2]},"_coverageSchema":"1a1c01bbd47fc00a2c39e90264f33305004495a9","hash":"da9f830b652abea03090e107e91ec70d498c0da9"}
,"A:\\work\\Projects\\cineLife\\src\\shared\\lib\\hooks\\useToggler\\useToggler.tsx": {"path":"A:\\work\\Projects\\cineLife\\src\\shared\\lib\\hooks\\useToggler\\useToggler.tsx","statementMap":{"0":{"start":{"line":5,"column":19},"end":{"line":13,"column":1}},"1":{"start":{"line":6,"column":36},"end":{"line":6,"column":67}},"2":{"start":{"line":8,"column":17},"end":{"line":10,"column":3}},"3":{"start":{"line":9,"column":4},"end":{"line":9,"column":34}},"4":{"start":{"line":9,"column":27},"end":{"line":9,"column":32}},"5":{"start":{"line":12,"column":2},"end":{"line":12,"column":43}}},"fnMap":{"0":{"name":"(anonymous_0)","decl":{"start":{"line":5,"column":19},"end":{"line":5,"column":20}},"loc":{"start":{"line":5,"column":76},"end":{"line":13,"column":1}},"line":5},"1":{"name":"(anonymous_1)","decl":{"start":{"line":8,"column":17},"end":{"line":8,"column":18}},"loc":{"start":{"line":8,"column":47},"end":{"line":10,"column":3}},"line":8},"2":{"name":"(anonymous_2)","decl":{"start":{"line":9,"column":17},"end":{"line":9,"column":18}},"loc":{"start":{"line":9,"column":27},"end":{"line":9,"column":32}},"line":9}},"branchMap":{"0":{"loc":{"start":{"line":5,"column":20},"end":{"line":5,"column":49}},"type":"default-arg","locations":[{"start":{"line":5,"column":44},"end":{"line":5,"column":49}}],"line":5}},"s":{"0":1,"1":0,"2":0,"3":0,"4":0,"5":0},"f":{"0":0,"1":0,"2":0},"b":{"0":[0]},"_coverageSchema":"1a1c01bbd47fc00a2c39e90264f33305004495a9","hash":"843e0f4218c31e89d14d1ca85aed02a2bf83a6aa"}
,"A:\\work\\Projects\\cineLife\\src\\shared\\lib\\minutesToHours\\minutesToHours.ts": {"path":"A:\\work\\Projects\\cineLife\\src\\shared\\lib\\minutesToHours\\minutesToHours.ts","statementMap":{"0":{"start":{"line":1,"column":23},"end":{"line":13,"column":1}},"1":{"start":{"line":2,"column":2},"end":{"line":4,"column":3}},"2":{"start":{"line":3,"column":4},"end":{"line":3,"column":36}},"3":{"start":{"line":6,"column":16},"end":{"line":6,"column":40}},"4":{"start":{"line":7,"column":27},"end":{"line":7,"column":39}},"5":{"start":{"line":9,"column":25},"end":{"line":9,"column":57}},"6":{"start":{"line":10,"column":27},"end":{"line":10,"column":92}},"7":{"start":{"line":12,"column":2},"end":{"line":12,"column":49}}},"fnMap":{"0":{"name":"(anonymous_0)","decl":{"start":{"line":1,"column":23},"end":{"line":1,"column":24}},"loc":{"start":{"line":1,"column":52},"end":{"line":13,"column":1}},"line":1}},"branchMap":{"0":{"loc":{"start":{"line":2,"column":2},"end":{"line":4,"column":3}},"type":"if","locations":[{"start":{"line":2,"column":2},"end":{"line":4,"column":3}},{"start":{},"end":{}}],"line":2},"1":{"loc":{"start":{"line":9,"column":25},"end":{"line":9,"column":57}},"type":"cond-expr","locations":[{"start":{"line":9,"column":38},"end":{"line":9,"column":49}},{"start":{"line":9,"column":52},"end":{"line":9,"column":57}}],"line":9},"2":{"loc":{"start":{"line":10,"column":27},"end":{"line":10,"column":92}},"type":"cond-expr","locations":[{"start":{"line":10,"column":51},"end":{"line":10,"column":73}},{"start":{"line":10,"column":76},"end":{"line":10,"column":92}}],"line":10}},"s":{"0":1,"1":4,"2":1,"3":3,"4":3,"5":3,"6":3,"7":3},"f":{"0":4},"b":{"0":[1,3],"1":[3,0],"2":[1,2]},"_coverageSchema":"1a1c01bbd47fc00a2c39e90264f33305004495a9","hash":"dac87c840945f6bbd83ce7d399af8580dbe6c132"}
}
