TN:
SF:src\pages\PersonPage\lib\getChildrenLabel\getChildrenLabel.ts
FN:1,(anonymous_0)
FNF:1
FNH:1
FNDA:6,(anonymous_0)
DA:1,1
DA:2,6
DA:8,6
DA:9,6
DA:11,6
DA:12,0
DA:15,6
DA:16,1
DA:19,5
DA:20,3
DA:23,2
LF:11
LH:10
BRDA:11,0,0,0
BRDA:11,0,1,6
BRDA:11,1,0,6
BRDA:11,1,1,1
BRDA:15,2,0,1
BRDA:15,2,1,5
BRDA:19,3,0,3
BRDA:19,3,1,2
BRDA:19,4,0,5
BRDA:19,4,1,4
BRF:10
BRH:9
end_of_record
TN:
SF:src\shared\lib\capitalizeFirstLetter\capitalizeFirstLetter.ts
FN:1,(anonymous_0)
FNF:1
FNH:1
FNDA:4,(anonymous_0)
DA:1,1
DA:2,4
DA:3,3
DA:6,1
LF:4
LH:4
BRDA:2,0,0,3
BRDA:2,0,1,1
BRDA:2,1,0,4
BRDA:2,1,1,2
BRF:4
BRH:4
end_of_record
TN:
SF:src\shared\lib\formatYears\formatYears.ts
FN:1,(anonymous_0)
FNF:1
FNH:1
FNDA:8,(anonymous_0)
DA:1,1
DA:2,8
DA:3,2
DA:6,6
DA:8,6
DA:10,1
DA:14,2
DA:16,3
LF:8
LH:8
BRDA:2,0,0,2
BRDA:2,0,1,6
BRDA:2,1,0,8
BRDA:2,1,1,6
BRDA:8,2,0,1
BRDA:8,2,1,1
BRDA:8,2,2,1
BRDA:8,2,3,2
BRDA:8,2,4,3
BRF:9
BRH:9
end_of_record
TN:
SF:src\shared\lib\getEnumValueByKey\getEnumValueByKey.ts
FN:1,(anonymous_0)
FNF:1
FNH:1
FNDA:6,(anonymous_0)
DA:1,1
DA:4,6
LF:2
LH:2
BRDA:4,0,0,6
BRDA:4,0,1,4
BRF:2
BRH:2
end_of_record
TN:
SF:src\shared\lib\groupByKey\groupByKey.ts
FN:1,(anonymous_0)
FN:2,(anonymous_1)
FNF:2
FNH:2
FNDA:2,(anonymous_0)
FNDA:8,(anonymous_1)
DA:1,1
DA:2,2
DA:3,8
DA:5,8
DA:6,6
DA:9,8
DA:11,8
LF:7
LH:7
BRDA:5,0,0,6
BRDA:5,0,1,2
BRF:2
BRH:2
end_of_record
TN:
SF:src\shared\lib\hooks\useToggler\useToggler.tsx
FN:5,(anonymous_0)
FN:8,(anonymous_1)
FN:9,(anonymous_2)
FNF:3
FNH:0
FNDA:0,(anonymous_0)
FNDA:0,(anonymous_1)
FNDA:0,(anonymous_2)
DA:5,1
DA:6,0
DA:8,0
DA:9,0
DA:12,0
LF:5
LH:1
BRDA:5,0,0,0
BRF:1
BRH:0
end_of_record
TN:
SF:src\shared\lib\minutesToHours\minutesToHours.ts
FN:1,(anonymous_0)
FNF:1
FNH:1
FNDA:4,(anonymous_0)
DA:1,1
DA:2,4
DA:3,1
DA:6,3
DA:7,3
DA:9,3
DA:10,3
DA:12,3
LF:8
LH:8
BRDA:2,0,0,1
BRDA:2,0,1,3
BRDA:9,1,0,3
BRDA:9,1,1,0
BRDA:10,2,0,1
BRDA:10,2,1,2
BRF:6
BRH:5
end_of_record
